<?xml version="1.0" encoding="UTF-8"?>
<!-- Generated by org.testng.reporters.JUnitReportReporter -->
<testsuite skipped="0" hostname="II39-HRHRQQ2" name="pk.com.SeleniumTest" tests="2" failures="0" timestamp="23 Oct 2019 14:30:00 GMT" time="0.010" errors="0">
  <testcase name="testcasename" time="0.000" classname="pk.com.SeleniumTest"/>
  <testcase name="selenium" time="0.010" classname="pk.com.SeleniumTest"/>
</testsuite> <!-- pk.com.SeleniumTest -->
