<?xml version="1.0" encoding="UTF-8"?>
<!-- Generated by org.testng.reporters.JUnitReportReporter -->
<testsuite skipped="0" hostname="II39-HRHRQQ2" name="pk.com.AppiumTest" tests="2" failures="0" timestamp="23 Oct 2019 14:30:00 GMT" time="0.000" errors="0">
  <testcase name="Appium" time="0.000" classname="pk.com.AppiumTest"/>
  <testcase name="testcasenameapp" time="0.000" classname="pk.com.AppiumTest"/>
</testsuite> <!-- pk.com.AppiumTest -->
